 
 Build OpenRadioss Starter 
 --------------------------
 Build Arguments :
 arch =                 :  linux64_gf
 precision =            :  dp
 debug =                :  0
 static_link =          :  0
 
 Executable name        :  starter_linux64_gf
 
 #threads for Makefile :  4
 
 -- Remove executable in build_script 
 -- Remove executable in exec 
 
-- Loading linux64_gf settings
-- modules: /home/runner/work/OpenRadioss/OpenRadioss/starter/cbuild_starter_linux64_gf/CMakeFiles/modules
 
-- Fortran Compiler: /usr/bin/gfortran
-- C Compiler: /usr/bin/gcc
-- CPP Compiler: /usr/bin/g++
-- Exec name: starter_linux64_gf 
-- Flags release:   
-- Precision: dp 
-- Runtime Static link : 0 
-- debug: 0 
-- Build_type : o
 
 dir : /home/runner/work/OpenRadioss/OpenRadioss/starter/cbuild_starter_linux64_gf/CMakeFiles/includes_starter_linux64_gf added
-- Configuring done (0.1s)
-- Generating done (0.3s)
-- Build files have been written to: /home/runner/work/OpenRadioss/OpenRadioss/starter/cbuild_starter_linux64_gf
[  0%] Loading extlib libraries
Load external libraries for OpenRadioss build

    Already have needed version of libraries

[  0%] Built target extlib
[  0%] Generating CMakeFiles/includes_starter_linux64_gf/__foo.inc, CMakeFiles/includes_starter_linux64_gf/build_info.inc

Create: /home/runner/work/OpenRadioss/OpenRadioss/starter/cbuild_starter_linux64_gf/CMakeFiles/includes_starter_linux64_gf/build_info.inc

[  0%] Building Fortran object CMakeFiles/starter_linux64_gf.dir/source/elements/initia/hm_read_inistate_d00.F.o
[  0%] Building Fortran object CMakeFiles/starter_linux64_gf.dir/source/elements/reader/hm_read_beam.F.o
[  0%] Building Fortran object CMakeFiles/starter_linux64_gf.dir/source/elements/reader/hm_read_quad.F.o
[  0%] Building Fortran object CMakeFiles/starter_linux64_gf.dir/source/elements/reader/hm_read_rivet.F.o
[  1%] Building Fortran object CMakeFiles/starter_linux64_gf.dir/source/elements/reader/hm_read_sh3n.F.o
[  1%] Building Fortran object CMakeFiles/starter_linux64_gf.dir/source/elements/reader/hm_read_shell.F.o
[  1%] Building Fortran object CMakeFiles/starter_linux64_gf.dir/source/elements/reader/hm_read_solid.F.o
/home/runner/work/OpenRadioss/OpenRadioss/starter/source/elements/reader/hm_read_solid.F:143:10:

  143 |       DO N=1,NUMBRICK
      |          1
Error: Symbol ‘n’ at (1) has no IMPLICIT type
/home/runner/work/OpenRadioss/OpenRadioss/starter/source/elements/reader/hm_read_solid.F:972:16:

  972 |         FLAG_FMT = 0
      |                1
Error: Symbol ‘flag_fmt’ at (1) has no IMPLICIT type
make[2]: *** [CMakeFiles/starter_linux64_gf.dir/build.make:6877: CMakeFiles/starter_linux64_gf.dir/source/elements/reader/hm_read_solid.F.o] Error 1
make[2]: *** Waiting for unfinished jobs....
make[1]: *** [CMakeFiles/Makefile2:122: CMakeFiles/starter_linux64_gf.dir/all] Error 2
make: *** [Makefile:136: all] Error 2
 
 
-- Errors in Build found
